0.000000 1 0x100 8 11 22 33 44 55 66 77 88
0.001000 1 0x200 4 AA BB CC DD
0.002000 1 0x300 2 EE FF
0.003000 1 0x100 8 12 23 34 45 56 67 78 89
0.004000 1 0x400 6 11 22 33 44 55 66
0.005000 1 0x200 4 AB BC CD DE
0.006000 1 0x500 3 AA BB CC
0.007000 1 0x100 8 13 24 35 46 57 68 79 8A
0.008000 1 0x300 2 EF F0
0.009000 1 0x600 5 11 22 33 44 55
0.010000 1 0x200 4 AC BD CE DF
0.011000 1 0x100 8 14 25 36 47 58 69 7A 8B
0.012000 1 0x700 7 AA BB CC DD EE FF 00
0.013000 1 0x400 6 12 23 34 45 56 67
0.014000 1 0x300 2 F0 F1
0.015000 1 0x100 8 15 26 37 48 59 6A 7B 8C
0.016000 1 0x200 4 AD BE CF E0
0.017000 1 0x500 3 AB BC CD
0.018000 1 0x600 5 12 23 34 45 56
0.019000 1 0x100 8 16 27 38 49 5A 6B 7C 8D
0.020000 1 0x800 1 FF
0.021000 1 0x300 2 F1 F2
0.022000 1 0x400 6 13 24 35 46 57 68
0.023000 1 0x200 4 AE BF D0 E1
0.024000 1 0x100 8 17 28 39 4A 5B 6C 7D 8E
0.025000 1 0x700 7 AB BC CD DE EF 00 11
0.026000 1 0x500 3 AC BD CE
0.027000 1 0x300 2 F2 F3
0.028000 1 0x100 8 18 29 3A 4B 5C 6D 7E 8F
0.029000 1 0x600 5 13 24 35 46 57
0.030000 1 0x200 4 AF C0 D1 E2
0.031000 1 0x400 6 14 25 36 47 58 69
0.032000 1 0x100 8 19 2A 3B 4C 5D 6E 7F 90
0.033000 1 0x800 1 00
0.034000 1 0x300 2 F3 F4
0.035000 1 0x500 3 AD BE CF
0.036000 1 0x200 4 B0 C1 D2 E3
0.037000 1 0x100 8 1A 2B 3C 4D 5E 6F 80 91
0.038000 1 0x700 7 AC BD CE DF F0 11 22
0.039000 1 0x400 6 15 26 37 48 59 6A
0.040000 1 0x600 5 14 25 36 47 58
0.041000 1 0x300 2 F4 F5
0.042000 1 0x100 8 1B 2C 3D 4E 5F 70 81 92
0.043000 1 0x200 4 B1 C2 D3 E4
0.044000 1 0x500 3 AE BF D0
0.045000 1 0x400 6 16 27 38 49 5A 6B
0.046000 1 0x100 8 1C 2D 3E 4F 60 71 82 93
0.047000 1 0x800 1 01
0.048000 1 0x300 2 F5 F6
0.049000 1 0x600 5 15 26 37 48 59
0.050000 1 0x200 4 B2 C3 D4 E5
