0.000000 1 0x100 8 00 00 00 00 00 00 00 00
0.001500 1 0x200 4 00 00 00 00
0.003000 1 0x300 2 00 00
0.005000 1 0x100 8 01 00 00 00 00 00 00 00
0.007500 1 0x400 6 00 00 00 00 00 00
0.010000 1 0x100 8 02 00 00 00 00 00 00 00
0.012500 1 0x200 4 01 00 00 00
0.015000 1 0x100 8 03 00 00 00 00 00 00 00
0.017500 1 0x300 2 01 00
0.020000 1 0x100 8 04 00 00 00 00 00 00 00
0.022500 1 0x400 6 01 00 00 00 00 00
0.025000 1 0x100 8 05 00 00 00 00 00 00 00
0.027500 1 0x200 4 02 00 00 00
0.030000 1 0x100 8 06 00 00 00 00 00 00 00
0.032500 1 0x300 2 02 00
0.035000 1 0x100 8 07 00 00 00 00 00 00 00
0.037500 1 0x400 6 02 00 00 00 00 00
0.040000 1 0x100 8 08 00 00 00 00 00 00 00
0.042500 1 0x200 4 03 00 00 00
0.045000 1 0x100 8 09 00 00 00 00 00 00 00
0.047500 1 0x300 2 03 00
0.050000 1 0x100 8 0A 00 00 00 00 00 00 00
0.052500 1 0x400 6 03 00 00 00 00 00
0.055000 1 0x100 8 0B 00 00 00 00 00 00 00
0.057500 1 0x200 4 04 00 00 00
0.060000 1 0x100 8 0C 00 00 00 00 00 00 00
0.062500 1 0x300 2 04 00
0.065000 1 0x100 8 0D 00 00 00 00 00 00 00
0.067500 1 0x400 6 04 00 00 00 00 00
0.070000 1 0x100 8 0E 00 00 00 00 00 00 00
0.072500 1 0x200 4 05 00 00 00
0.075000 1 0x100 8 0F 00 00 00 00 00 00 00
0.077500 1 0x300 2 05 00
0.080000 1 0x100 8 10 00 00 00 00 00 00 00
0.082500 1 0x400 6 05 00 00 00 00 00
0.085000 1 0x100 8 11 00 00 00 00 00 00 00
0.087500 1 0x200 4 06 00 00 00
0.090000 1 0x100 8 12 00 00 00 00 00 00 00
0.092500 1 0x300 2 06 00
0.095000 1 0x100 8 13 00 00 00 00 00 00 00
0.097500 1 0x400 6 06 00 00 00 00 00
0.100000 1 0x100 8 14 00 00 00 00 00 00 00
0.102500 1 0x200 4 07 00 00 00
0.105000 1 0x100 8 15 00 00 00 00 00 00 00
0.107500 1 0x300 2 07 00
0.110000 1 0x100 8 16 00 00 00 00 00 00 00
0.112500 1 0x400 6 07 00 00 00 00 00
0.115000 1 0x100 8 17 00 00 00 00 00 00 00
0.117500 1 0x200 4 08 00 00 00
0.120000 1 0x100 8 18 00 00 00 00 00 00 00
0.122500 1 0x300 2 08 00
0.125000 1 0x100 8 19 00 00 00 00 00 00 00
0.127500 1 0x400 6 08 00 00 00 00 00
0.130000 1 0x100 8 1A 00 00 00 00 00 00 00
0.132500 1 0x200 4 09 00 00 00
0.135000 1 0x100 8 1B 00 00 00 00 00 00 00
0.137500 1 0x300 2 09 00
0.140000 1 0x100 8 1C 00 00 00 00 00 00 00
0.142500 1 0x400 6 09 00 00 00 00 00
0.145000 1 0x100 8 1D 00 00 00 00 00 00 00
0.147500 1 0x200 4 0A 00 00 00
0.150000 1 0x100 8 1E 00 00 00 00 00 00 00
0.152500 1 0x300 2 0A 00
0.155000 1 0x100 8 1F 00 00 00 00 00 00 00
0.157500 1 0x400 6 0A 00 00 00 00 00
0.160000 1 0x100 8 20 00 00 00 00 00 00 00
0.162500 1 0x200 4 0B 00 00 00
0.165000 1 0x100 8 21 00 00 00 00 00 00 00
0.167500 1 0x300 2 0B 00
0.170000 1 0x100 8 22 00 00 00 00 00 00 00
0.172500 1 0x400 6 0B 00 00 00 00 00
0.175000 1 0x100 8 23 00 00 00 00 00 00 00
0.177500 1 0x200 4 0C 00 00 00
0.180000 1 0x100 8 24 00 00 00 00 00 00 00
0.182500 1 0x300 2 0C 00
0.185000 1 0x100 8 25 00 00 00 00 00 00 00
0.187500 1 0x400 6 0C 00 00 00 00 00
0.190000 1 0x100 8 26 00 00 00 00 00 00 00
0.192500 1 0x200 4 0D 00 00 00
0.195000 1 0x100 8 27 00 00 00 00 00 00 00
0.197500 1 0x300 2 0D 00
0.200000 1 0x100 8 28 00 00 00 00 00 00 00
0.202500 1 0x400 6 0D 00 00 00 00 00
0.205000 1 0x100 8 29 00 00 00 00 00 00 00
0.207500 1 0x200 4 0E 00 00 00
0.210000 1 0x100 8 2A 00 00 00 00 00 00 00
0.212500 1 0x300 2 0E 00
0.215000 1 0x100 8 2B 00 00 00 00 00 00 00
0.217500 1 0x400 6 0E 00 00 00 00 00
0.220000 1 0x100 8 2C 00 00 00 00 00 00 00
0.222500 1 0x200 4 0F 00 00 00
0.225000 1 0x100 8 2D 00 00 00 00 00 00 00
0.227500 1 0x300 2 0F 00
0.230000 1 0x100 8 2E 00 00 00 00 00 00 00
0.232500 1 0x400 6 0F 00 00 00 00 00
0.235000 1 0x100 8 2F 00 00 00 00 00 00 00
0.237500 1 0x200 4 10 00 00 00
0.240000 1 0x100 8 30 00 00 00 00 00 00 00
0.242500 1 0x300 2 10 00
0.245000 1 0x100 8 31 00 00 00 00 00 00 00
0.247500 1 0x400 6 10 00 00 00 00 00
0.250000 1 0x100 8 32 00 00 00 00 00 00 00
0.252500 1 0x200 4 11 00 00 00
0.255000 1 0x100 8 33 00 00 00 00 00 00 00
0.257500 1 0x300 2 11 00
0.260000 1 0x100 8 34 00 00 00 00 00 00 00
0.262500 1 0x400 6 11 00 00 00 00 00
0.265000 1 0x100 8 35 00 00 00 00 00 00 00
0.267500 1 0x200 4 12 00 00 00
0.270000 1 0x100 8 36 00 00 00 00 00 00 00
0.272500 1 0x300 2 12 00
0.275000 1 0x100 8 37 00 00 00 00 00 00 00
0.277500 1 0x400 6 12 00 00 00 00 00
0.280000 1 0x100 8 38 00 00 00 00 00 00 00
0.282500 1 0x200 4 13 00 00 00
0.285000 1 0x100 8 39 00 00 00 00 00 00 00
0.287500 1 0x300 2 13 00
0.290000 1 0x100 8 3A 00 00 00 00 00 00 00
0.292500 1 0x400 6 13 00 00 00 00 00
0.295000 1 0x100 8 3B 00 00 00 00 00 00 00
0.297500 1 0x200 4 14 00 00 00
0.300000 1 0x100 8 3C 00 00 00 00 00 00 00
0.302500 1 0x300 2 14 00
0.305000 1 0x100 8 3D 00 00 00 00 00 00 00
0.307500 1 0x400 6 14 00 00 00 00 00
0.310000 1 0x100 8 3E 00 00 00 00 00 00 00
0.312500 1 0x200 4 15 00 00 00
0.315000 1 0x100 8 3F 00 00 00 00 00 00 00
0.317500 1 0x300 2 15 00
0.320000 1 0x100 8 40 00 00 00 00 00 00 00
0.322500 1 0x400 6 15 00 00 00 00 00
0.325000 1 0x100 8 41 00 00 00 00 00 00 00
0.327500 1 0x200 4 16 00 00 00
0.330000 1 0x100 8 42 00 00 00 00 00 00 00
0.332500 1 0x300 2 16 00
0.335000 1 0x100 8 43 00 00 00 00 00 00 00
0.337500 1 0x400 6 16 00 00 00 00 00
0.340000 1 0x100 8 44 00 00 00 00 00 00 00
0.342500 1 0x200 4 17 00 00 00
0.345000 1 0x100 8 45 00 00 00 00 00 00 00
0.347500 1 0x300 2 17 00
0.350000 1 0x100 8 46 00 00 00 00 00 00 00
0.352500 1 0x400 6 17 00 00 00 00 00
0.355000 1 0x100 8 47 00 00 00 00 00 00 00
0.357500 1 0x200 4 18 00 00 00
0.360000 1 0x100 8 48 00 00 00 00 00 00 00
0.362500 1 0x300 2 18 00
0.365000 1 0x100 8 49 00 00 00 00 00 00 00
0.367500 1 0x400 6 18 00 00 00 00 00
0.370000 1 0x100 8 4A 00 00 00 00 00 00 00
0.372500 1 0x200 4 19 00 00 00
0.375000 1 0x100 8 4B 00 00 00 00 00 00 00
0.377500 1 0x300 2 19 00
0.380000 1 0x100 8 4C 00 00 00 00 00 00 00
0.382500 1 0x400 6 19 00 00 00 00 00
0.385000 1 0x100 8 4D 00 00 00 00 00 00 00
0.387500 1 0x200 4 1A 00 00 00
0.390000 1 0x100 8 4E 00 00 00 00 00 00 00
