1621234567.123 123 11 22 33 44 55 66 77 88
1621234567.124 456 AA BB CC DD
1621234567.125 789 01 02 03
1621234567.126 101 FF EE DD CC BB AA 99 88
1621234567.127 202 12 34 56 78
1621234567.128 303 AB CD EF
1621234567.129 404 11 22 33 44 55 66 77 88
1621234567.130 505 AA BB CC DD EE FF
1621234567.131 606 01 23 45 67 89 AB CD EF
1621234567.132 707 12 34 56 78 9A BC DE F0
1621234567.133 808 A1 B2 C3 D4 E5 F6
1621234567.134 909 1A 2B 3C 4D 5E 6F
1621234567.135 111 98 76 54 32 10 FE DC BA
1621234567.136 222 BA 98 76 54 32
1621234567.137 333 11 22 33 44 55
1621234567.138 444 AA BB CC DD EE FF 00 11
1621234567.139 555 12 34 56 78 9A BC
1621234567.140 666 AB CD EF 01 23 45
1621234567.141 777 FF EE DD CC BB AA 99 88
1621234567.142 888 01 02 03 04 05 06 07 08
