0.000000 1 0x180 8 FF AA 34 56 78 9A BC DE
0.002000 1 0x1A3 3 12 34 56
0.004500 1 0x2B7 6 78 9A BC DE F0 1E
0.007000 1 0x300 2 AB CD
0.009500 1 0x180 8 00 11 22 33 44 55 66 77
0.011000 1 0x2C4 4 89 AB CD EF
0.014500 1 0x1B9 7 FF 00 11 22 33 44 55
0.018000 1 0x180 8 10 20 30 40 50 60 70 80
0.020500 1 0x2F1 5 A1 B2 C3 D4 E5
0.023000 1 0x180 8 9F 8E 7D 6C 5B 4A 39 28
0.026000 1 0x3A2 6 AA BB CC DD EE FF
0.029500 1 0x180 8 1A 2B 3C 4D 5E 6F 7D 8E
0.032000 1 0x212 3 FF EE DD
0.035500 1 0x180 8 00 00 00 00 00 00 00 00
0.039000 1 0x2A4 4 11 22 33 44
0.042500 1 0x180 8 55 66 77 88 99 AA BB CC
0.046000 1 0x3B9 7 D4 C3 B2 A1 90 8F 7E
0.049500 1 0x180 8 14 25 36 47 58 69 7A 8B
0.053000 1 0x274 5 10 20 30 40 50
0.056500 1 0x180 8 9C 8B 7A 69 58 47 36 25
0.060000 1 0x3F2 6 AA BB CC DD EE FF
0.063500 1 0x180 8 3D 4E 5F 6A 7B 8C 9D AE
0.067000 1 0x200 2 AB CD
0.070500 1 0x180 8 FF EE DD CC BB AA 99 88
0.074000 1 0x1C3 3 12 23 34
0.077500 1 0x180 8 44 55 66 77 88 99 AA BB
0.081000 1 0x2E7 6 78 9A BC DE F0 12
0.084500 1 0x180 8 00 01 02 03 04 05 06 07
0.088000 1 0x2C4 4 89 9A AB BC
0.091500 1 0x180 8 1F 2E 3D 4C 5B 6A 79 88
0.095000 1 0x3B9 7 CC DD EE FF 00 11 22
0.098500 1 0x180 8 A1 B2 C3 D4 E5 F6 07 18
0.102000 1 0x1A3 3 FF EE DD
0.105500 1 0x180 8 14 25 36 47 58 69 7A 8B
0.109000 1 0x3F1 5 10 20 30 40 50
0.112500 1 0x180 8 9C 8B 7A 69 58 47 36 25
0.116000 1 0x2A2 6 AA BB CC DD EE FF
0.119500 1 0x180 8 3D 4E 5F 6A 7B 8C 9D AE
0.123000 1 0x274 5 A1 B2 C3 D4 E5
0.126500 1 0x180 8 FF EE DD CC BB AA 99 88
0.130000 1 0x200 2 AB CD
0.133500 1 0x180 8 00 11 22 33 44 55 66 77
0.137000 1 0x3C4 4 89 9A AB BC
0.140500 1 0x180 8 1A 2B 3C 4D 5E 6F 7D 8E
0.144000 1 0x3E7 6 78 9A BC DE F0 1E
0.147500 1 0x180 8 00 00 00 00 00 00 00 00
0.151000 1 0x2A4 4 11 22 33 44
0.154500 1 0x180 8 55 66 77 88 99 AA BB CC
0.158000 1 0x3B9 7 D4 C3 B2 A1 90 8F 7E
0.161500 1 0x180 8 14 25 36 47 58 69 7A 8B
0.165000 1 0x274 5 10 20 30 40 50
0.168500 1 0x180 8 9C 8B 7A 69 58 47 36 25
0.172000 1 0x3F2 6 AA BB CC DD EE FF
0.175500 1 0x180 8 3D 4E 5F 6A 7B 8C 9D AE
0.179000 1 0x200 2 AB CD
0.182500 1 0x180 8 FF EE DD CC BB AA 99 88
0.186000 1 0x1C3 3 12 23 34
0.189500 1 0x180 8 44 55 66 77 88 99 AA BB
0.193000 1 0x2E7 6 78 9A BC DE F0 12
0.196500 1 0x180 8 00 01 02 03 04 05 06 07
0.200000 1 0x2C4 4 89 9A AB BC
0.203500 1 0x180 8 1F 2E 3D 4C 5B 6A 79 88
0.207000 1 0x3B9 7 CC DD EE FF 00 11 22
0.210500 1 0x180 8 A1 B2 C3 D4 E5 F6 07 18
0.214000 1 0x1A3 3 FF EE DD
0.217500 1 0x180 8 14 25 36 47 58 69 7A 8B
0.221000 1 0x3F1 5 10 20 30 40 50
0.224500 1 0x180 8 9C 8B 7A 69 58 47 36 25
0.228000 1 0x2A2 6 AA BB CC DD EE FF
0.231500 1 0x180 8 3D 4E 5F 6A 7B 8C 9D AE
0.235000 1 0x274 5 A1 B2 C3 D4 E5
0.238500 1 0x180 8 FF EE DD CC BB AA 99 88
0.242000 1 0x200 2 AB CD
0.245500 1 0x180 8 00 11 22 33 44 55 66 77
0.249000 1 0x3C4 4 89 9A AB BC
0.252500 1 0x180 8 1A 2B 3C 4D 5E 6F 7D 8E
